<?xml version="1.0" encoding="UTF-8"?>
<robot generator="Robot 6.1.1 (Python 3.11.4 on win32)" generated="20230801 17:07:58.541" rpa="false" schemaversion="4">
<suite id="s1" name="Preenchimento Incorreto" source="C:\Users\Fernando Tomasio\Documents\robot-project\preenchimento_incorreto.robot">
<test id="s1-t1" name="Verificar se quando um campo obrigatório não for preenchido corretamente o sistema exibe mensagem de cmapo obrigatório" line="11">
<kw name="Dado que eu acesse o site Organo" library="setup_teardown" type="SETUP">
<kw name="Open Browser" library="SeleniumLibrary">
<arg>url=http://localhost:3000/</arg>
<arg>browser=Chrome</arg>
<doc>Opens a new browser instance to the optional ``url``.</doc>
<msg timestamp="20230801 17:07:58.702" level="INFO">Opening browser 'Chrome' to base url 'http://localhost:3000/'.</msg>
<msg timestamp="20230801 17:07:58.708" level="INFO">Applicable driver not found; attempting to install with Selenium Manager (Beta)</msg>
<status status="PASS" starttime="20230801 17:07:58.701" endtime="20230801 17:08:00.592"/>
</kw>
<status status="PASS" starttime="20230801 17:07:58.700" endtime="20230801 17:08:00.592"/>
</kw>
<kw name="Dado que eu clique no botão criar card">
<kw name="Click Element" library="SeleniumLibrary">
<arg>${BOTAO_CARD}</arg>
<doc>Click the element identified by ``locator``.</doc>
<msg timestamp="20230801 17:08:00.609" level="INFO">Clicking element 'id:form-botao'.</msg>
<status status="PASS" starttime="20230801 17:08:00.606" endtime="20230801 17:08:00.688"/>
</kw>
<status status="PASS" starttime="20230801 17:08:00.605" endtime="20230801 17:08:00.688"/>
</kw>
<kw name="Então o sistema deve apresentar mensagem de campo obrigatório">
<kw name="Element Should Be Visible" library="SeleniumLibrary">
<arg>id:form-nome-erro</arg>
<doc>Verifies that the element identified by ``locator`` is visible.</doc>
<msg timestamp="20230801 17:08:00.724" level="INFO">Element 'id:form-nome-erro' is displayed.</msg>
<status status="PASS" starttime="20230801 17:08:00.689" endtime="20230801 17:08:00.724"/>
</kw>
<kw name="Element Should Be Visible" library="SeleniumLibrary">
<arg>id:form-cargo-erro</arg>
<doc>Verifies that the element identified by ``locator`` is visible.</doc>
<msg timestamp="20230801 17:08:00.760" level="INFO">Element 'id:form-cargo-erro' is displayed.</msg>
<status status="PASS" starttime="20230801 17:08:00.724" endtime="20230801 17:08:00.761"/>
</kw>
<kw name="Element Should Be Visible" library="SeleniumLibrary">
<arg>id:form-times-erro</arg>
<doc>Verifies that the element identified by ``locator`` is visible.</doc>
<msg timestamp="20230801 17:08:00.777" level="INFO">Element 'id:form-times-erro' is displayed.</msg>
<status status="PASS" starttime="20230801 17:08:00.761" endtime="20230801 17:08:00.777"/>
</kw>
<status status="PASS" starttime="20230801 17:08:00.689" endtime="20230801 17:08:00.777"/>
</kw>
<kw name="Fechar o navegador" library="setup_teardown" type="TEARDOWN">
<kw name="Close Browser" library="SeleniumLibrary">
<doc>Closes the current browser.</doc>
<status status="PASS" starttime="20230801 17:08:00.778" endtime="20230801 17:08:02.908"/>
</kw>
<status status="PASS" starttime="20230801 17:08:00.778" endtime="20230801 17:08:02.908"/>
</kw>
<status status="PASS" starttime="20230801 17:07:58.700" endtime="20230801 17:08:02.909"/>
</test>
<status status="PASS" starttime="20230801 17:07:58.541" endtime="20230801 17:08:02.912"/>
</suite>
<statistics>
<total>
<stat pass="1" fail="0" skip="0">All Tests</stat>
</total>
<tag>
</tag>
<suite>
<stat pass="1" fail="0" skip="0" id="s1" name="Preenchimento Incorreto">Preenchimento Incorreto</stat>
</suite>
</statistics>
<errors>
</errors>
</robot>
