<?xml version="1.0" encoding="UTF-8"?>
<robot generator="Robot 6.1.1 (Python 3.11.4 on win32)" generated="20230801 16:26:29.096" rpa="false" schemaversion="4">
<suite id="s1" name="Primeiro Teste" source="C:\Users\Fernando Tomasio\Documents\robot-project\primeiro_teste.robot">
<test id="s1-t1" name="Verificar se ao preencher os campos do formulário corretamente o card é criado no time certo" line="20">
<kw name="Dado que eu acesse o site Organo">
<kw name="Open Browser" library="SeleniumLibrary">
<arg>${URL}</arg>
<arg>browser=Chrome</arg>
<doc>Opens a new browser instance to the optional ``url``.</doc>
<msg timestamp="20230801 16:26:29.269" level="INFO">Opening browser 'Chrome' to base url 'http://localhost:3000/'.</msg>
<msg timestamp="20230801 16:26:29.276" level="INFO">Applicable driver not found; attempting to install with Selenium Manager (Beta)</msg>
<status status="PASS" starttime="20230801 16:26:29.269" endtime="20230801 16:26:31.117"/>
</kw>
<status status="PASS" starttime="20230801 16:26:29.269" endtime="20230801 16:26:31.117"/>
</kw>
<kw name=" E preencha o formulário">
<kw name="Input Text" library="SeleniumLibrary">
<arg>${CAMPO_NOME}</arg>
<arg>Eduarda</arg>
<doc>Types the given ``text`` into the text field identified by ``locator``.</doc>
<msg timestamp="20230801 16:26:31.127" level="INFO">Typing text 'Eduarda' into text field 'id:form-nome'.</msg>
<status status="PASS" starttime="20230801 16:26:31.127" endtime="20230801 16:26:31.275"/>
</kw>
<kw name="Input Text" library="SeleniumLibrary">
<arg>${CAMPO_CARGO}</arg>
<arg>Desenvolvedora</arg>
<doc>Types the given ``text`` into the text field identified by ``locator``.</doc>
<msg timestamp="20230801 16:26:31.275" level="INFO">Typing text 'Desenvolvedora' into text field 'id:form-cargo'.</msg>
<status status="PASS" starttime="20230801 16:26:31.275" endtime="20230801 16:26:31.351"/>
</kw>
<kw name="Input Text" library="SeleniumLibrary">
<arg>${CAMPO_IMAGEM}</arg>
<arg>https://picsum.photos/200/300</arg>
<doc>Types the given ``text`` into the text field identified by ``locator``.</doc>
<msg timestamp="20230801 16:26:31.352" level="INFO">Typing text 'https://picsum.photos/200/300' into text field 'id:form-imagem'.</msg>
<status status="PASS" starttime="20230801 16:26:31.351" endtime="20230801 16:26:31.475"/>
</kw>
<kw name="Click Element" library="SeleniumLibrary">
<arg>${CAMPO_TIME}</arg>
<doc>Click the element identified by ``locator``.</doc>
<msg timestamp="20230801 16:26:31.476" level="INFO">Clicking element 'class:lista-suspensa'.</msg>
<status status="PASS" starttime="20230801 16:26:31.475" endtime="20230801 16:26:31.528"/>
</kw>
<kw name="Click Element" library="SeleniumLibrary">
<arg>${OPCAO_PROGRAMACAO}</arg>
<doc>Click the element identified by ``locator``.</doc>
<msg timestamp="20230801 16:26:31.529" level="INFO">Clicking element '//option[contains(.,'Programação')]'.</msg>
<status status="PASS" starttime="20230801 16:26:31.528" endtime="20230801 16:26:31.566"/>
</kw>
<kw name="Sleep" library="BuiltIn">
<arg>10s</arg>
<doc>Pauses the test executed for the given time.</doc>
<msg timestamp="20230801 16:26:41.566" level="INFO">Slept 10 seconds</msg>
<status status="PASS" starttime="20230801 16:26:31.566" endtime="20230801 16:26:41.566"/>
</kw>
<status status="PASS" starttime="20230801 16:26:31.126" endtime="20230801 16:26:41.566"/>
</kw>
<kw name="E clique no botão criar card">
<kw name="Click Element" library="SeleniumLibrary">
<arg>${BOTAO_CARD}</arg>
<doc>Click the element identified by ``locator``.</doc>
<msg timestamp="20230801 16:26:41.570" level="INFO">Clicking element 'id:form-botao'.</msg>
<status status="PASS" starttime="20230801 16:26:41.566" endtime="20230801 16:26:41.625"/>
</kw>
<status status="PASS" starttime="20230801 16:26:41.566" endtime="20230801 16:26:41.625"/>
</kw>
<kw name=" Então identificar o card no time esperado">
<kw name="Element Should Be Visible" library="SeleniumLibrary">
<arg>class:colaborador</arg>
<doc>Verifies that the element identified by ``locator`` is visible.</doc>
<msg timestamp="20230801 16:26:41.653" level="INFO">Element 'class:colaborador' is displayed.</msg>
<status status="PASS" starttime="20230801 16:26:41.626" endtime="20230801 16:26:41.653"/>
</kw>
<kw name="Sleep" library="BuiltIn">
<arg>5s</arg>
<doc>Pauses the test executed for the given time.</doc>
<msg timestamp="20230801 16:26:46.654" level="INFO">Slept 5 seconds</msg>
<status status="PASS" starttime="20230801 16:26:41.653" endtime="20230801 16:26:46.654"/>
</kw>
<status status="PASS" starttime="20230801 16:26:41.626" endtime="20230801 16:26:46.654"/>
</kw>
<status status="PASS" starttime="20230801 16:26:29.268" endtime="20230801 16:26:46.656"/>
</test>
<status status="PASS" starttime="20230801 16:26:29.099" endtime="20230801 16:26:46.659"/>
</suite>
<statistics>
<total>
<stat pass="1" fail="0" skip="0">All Tests</stat>
</total>
<tag>
</tag>
<suite>
<stat pass="1" fail="0" skip="0" id="s1" name="Primeiro Teste">Primeiro Teste</stat>
</suite>
</statistics>
<errors>
</errors>
</robot>
