<?xml version="1.0" encoding="UTF-8"?>
<robot generator="Robot 6.1.1 (Python 3.11.4 on win32)" generated="20230801 17:20:31.984" rpa="false" schemaversion="4">
<suite id="s1" name="Preenchimento Correto" source="C:\Users\Fernando Tomasio\Documents\robot-project\preenchimento_correto.robot">
<test id="s1-t1" name="Verificar se ao preencher os campos do formulário corretamente o card é criado no time certo" line="22">
<kw name="Dado que eu acesse o site Organo" library="setup_teardown" type="SETUP">
<kw name="Open Browser" library="SeleniumLibrary">
<arg>url=http://localhost:3000/</arg>
<arg>browser=Chrome</arg>
<doc>Opens a new browser instance to the optional ``url``.</doc>
<msg timestamp="20230801 17:20:32.152" level="INFO">Opening browser 'Chrome' to base url 'http://localhost:3000/'.</msg>
<msg timestamp="20230801 17:20:32.157" level="INFO">Applicable driver not found; attempting to install with Selenium Manager (Beta)</msg>
<status status="PASS" starttime="20230801 17:20:32.152" endtime="20230801 17:20:34.265"/>
</kw>
<status status="PASS" starttime="20230801 17:20:32.151" endtime="20230801 17:20:34.265"/>
</kw>
<kw name=" Dado que preencha o formulário">
<kw name="Input Text" library="SeleniumLibrary">
<arg>${CAMPO_NOME}</arg>
<arg>Eduarda</arg>
<doc>Types the given ``text`` into the text field identified by ``locator``.</doc>
<msg timestamp="20230801 17:20:34.268" level="INFO">Typing text 'Eduarda' into text field 'id:form-nome'.</msg>
<status status="PASS" starttime="20230801 17:20:34.268" endtime="20230801 17:20:34.449"/>
</kw>
<kw name="Input Text" library="SeleniumLibrary">
<arg>${CAMPO_CARGO}</arg>
<arg>Desenvolvedora</arg>
<doc>Types the given ``text`` into the text field identified by ``locator``.</doc>
<msg timestamp="20230801 17:20:34.450" level="INFO">Typing text 'Desenvolvedora' into text field 'id:form-cargo'.</msg>
<status status="PASS" starttime="20230801 17:20:34.450" endtime="20230801 17:20:34.559"/>
</kw>
<kw name="Input Text" library="SeleniumLibrary">
<arg>${CAMPO_IMAGEM}</arg>
<arg>https://picsum.photos/200/300</arg>
<doc>Types the given ``text`` into the text field identified by ``locator``.</doc>
<msg timestamp="20230801 17:20:34.561" level="INFO">Typing text 'https://picsum.photos/200/300' into text field 'id:form-imagem'.</msg>
<status status="PASS" starttime="20230801 17:20:34.560" endtime="20230801 17:20:34.692"/>
</kw>
<kw name="Click Element" library="SeleniumLibrary">
<arg>${CAMPO_TIME}</arg>
<doc>Click the element identified by ``locator``.</doc>
<msg timestamp="20230801 17:20:34.692" level="INFO">Clicking element 'class:lista-suspensa'.</msg>
<status status="PASS" starttime="20230801 17:20:34.692" endtime="20230801 17:20:34.737"/>
</kw>
<kw name="Click Element" library="SeleniumLibrary">
<arg>${OPCAO_PROGRAMACAO}</arg>
<doc>Click the element identified by ``locator``.</doc>
<msg timestamp="20230801 17:20:34.738" level="INFO">Clicking element '//option[contains(.,'Programação')]'.</msg>
<status status="PASS" starttime="20230801 17:20:34.738" endtime="20230801 17:20:34.775"/>
</kw>
<kw name="Sleep" library="BuiltIn">
<arg>5s</arg>
<doc>Pauses the test executed for the given time.</doc>
<msg timestamp="20230801 17:20:39.776" level="INFO">Slept 5 seconds</msg>
<status status="PASS" starttime="20230801 17:20:34.775" endtime="20230801 17:20:39.776"/>
</kw>
<status status="PASS" starttime="20230801 17:20:34.267" endtime="20230801 17:20:39.776"/>
</kw>
<kw name="E clique no botão criar card">
<kw name="Click Element" library="SeleniumLibrary">
<arg>${BOTAO_CARD}</arg>
<doc>Click the element identified by ``locator``.</doc>
<msg timestamp="20230801 17:20:39.780" level="INFO">Clicking element 'id:form-botao'.</msg>
<status status="PASS" starttime="20230801 17:20:39.776" endtime="20230801 17:20:39.836"/>
</kw>
<status status="PASS" starttime="20230801 17:20:39.776" endtime="20230801 17:20:39.837"/>
</kw>
<kw name=" Então identificar o card no time esperado">
<kw name="Element Should Be Visible" library="SeleniumLibrary">
<arg>class:colaborador</arg>
<doc>Verifies that the element identified by ``locator`` is visible.</doc>
<msg timestamp="20230801 17:20:39.861" level="INFO">Element 'class:colaborador' is displayed.</msg>
<status status="PASS" starttime="20230801 17:20:39.837" endtime="20230801 17:20:39.861"/>
</kw>
<kw name="Sleep" library="BuiltIn">
<arg>5s</arg>
<doc>Pauses the test executed for the given time.</doc>
<msg timestamp="20230801 17:20:44.861" level="INFO">Slept 5 seconds</msg>
<status status="PASS" starttime="20230801 17:20:39.861" endtime="20230801 17:20:44.861"/>
</kw>
<status status="PASS" starttime="20230801 17:20:39.837" endtime="20230801 17:20:44.861"/>
</kw>
<kw name="Fechar o navegador" library="setup_teardown" type="TEARDOWN">
<kw name="Close Browser" library="SeleniumLibrary">
<doc>Closes the current browser.</doc>
<status status="PASS" starttime="20230801 17:20:44.864" endtime="20230801 17:20:47.069"/>
</kw>
<status status="PASS" starttime="20230801 17:20:44.863" endtime="20230801 17:20:47.069"/>
</kw>
<status status="PASS" starttime="20230801 17:20:32.150" endtime="20230801 17:20:47.069"/>
</test>
<test id="s1-t2" name="Verificar se é possível criar mais de um card se preenchidos os dados corretamente" line="28">
<kw name="Dado que eu acesse o site Organo" library="setup_teardown" type="SETUP">
<kw name="Open Browser" library="SeleniumLibrary">
<arg>url=http://localhost:3000/</arg>
<arg>browser=Chrome</arg>
<doc>Opens a new browser instance to the optional ``url``.</doc>
<msg timestamp="20230801 17:20:47.075" level="INFO">Opening browser 'Chrome' to base url 'http://localhost:3000/'.</msg>
<msg timestamp="20230801 17:20:47.092" level="INFO">Applicable driver not found; attempting to install with Selenium Manager (Beta)</msg>
<status status="PASS" starttime="20230801 17:20:47.075" endtime="20230801 17:20:48.979"/>
</kw>
<status status="PASS" starttime="20230801 17:20:47.075" endtime="20230801 17:20:48.982"/>
</kw>
<kw name=" Dado que preencha o formulário">
<kw name="Input Text" library="SeleniumLibrary">
<arg>${CAMPO_NOME}</arg>
<arg>Eduarda</arg>
<doc>Types the given ``text`` into the text field identified by ``locator``.</doc>
<msg timestamp="20230801 17:20:48.992" level="INFO">Typing text 'Eduarda' into text field 'id:form-nome'.</msg>
<status status="PASS" starttime="20230801 17:20:48.991" endtime="20230801 17:20:49.154"/>
</kw>
<kw name="Input Text" library="SeleniumLibrary">
<arg>${CAMPO_CARGO}</arg>
<arg>Desenvolvedora</arg>
<doc>Types the given ``text`` into the text field identified by ``locator``.</doc>
<msg timestamp="20230801 17:20:49.154" level="INFO">Typing text 'Desenvolvedora' into text field 'id:form-cargo'.</msg>
<status status="PASS" starttime="20230801 17:20:49.154" endtime="20230801 17:20:49.253"/>
</kw>
<kw name="Input Text" library="SeleniumLibrary">
<arg>${CAMPO_IMAGEM}</arg>
<arg>https://picsum.photos/200/300</arg>
<doc>Types the given ``text`` into the text field identified by ``locator``.</doc>
<msg timestamp="20230801 17:20:49.254" level="INFO">Typing text 'https://picsum.photos/200/300' into text field 'id:form-imagem'.</msg>
<status status="PASS" starttime="20230801 17:20:49.254" endtime="20230801 17:20:49.387"/>
</kw>
<kw name="Click Element" library="SeleniumLibrary">
<arg>${CAMPO_TIME}</arg>
<doc>Click the element identified by ``locator``.</doc>
<msg timestamp="20230801 17:20:49.388" level="INFO">Clicking element 'class:lista-suspensa'.</msg>
<status status="PASS" starttime="20230801 17:20:49.388" endtime="20230801 17:20:49.442"/>
</kw>
<kw name="Click Element" library="SeleniumLibrary">
<arg>${OPCAO_PROGRAMACAO}</arg>
<doc>Click the element identified by ``locator``.</doc>
<msg timestamp="20230801 17:20:49.443" level="INFO">Clicking element '//option[contains(.,'Programação')]'.</msg>
<status status="PASS" starttime="20230801 17:20:49.442" endtime="20230801 17:20:49.483"/>
</kw>
<kw name="Sleep" library="BuiltIn">
<arg>5s</arg>
<doc>Pauses the test executed for the given time.</doc>
<msg timestamp="20230801 17:20:54.484" level="INFO">Slept 5 seconds</msg>
<status status="PASS" starttime="20230801 17:20:49.483" endtime="20230801 17:20:54.484"/>
</kw>
<status status="PASS" starttime="20230801 17:20:48.991" endtime="20230801 17:20:54.484"/>
</kw>
<kw name="E clique no botão criar card">
<kw name="Click Element" library="SeleniumLibrary">
<arg>${BOTAO_CARD}</arg>
<doc>Click the element identified by ``locator``.</doc>
<msg timestamp="20230801 17:20:54.488" level="INFO">Clicking element 'id:form-botao'.</msg>
<status status="PASS" starttime="20230801 17:20:54.484" endtime="20230801 17:20:54.540"/>
</kw>
<status status="PASS" starttime="20230801 17:20:54.484" endtime="20230801 17:20:54.540"/>
</kw>
<kw name="Então identificar 3 cards no tipo esperado">
<for flavor="IN RANGE">
<var>${i}</var>
<value>1</value>
<value>3</value>
<iter>
<var name="${i}">1</var>
<kw name=" Dado que preencha o formulário">
<kw name="Input Text" library="SeleniumLibrary">
<arg>${CAMPO_NOME}</arg>
<arg>Eduarda</arg>
<doc>Types the given ``text`` into the text field identified by ``locator``.</doc>
<msg timestamp="20230801 17:20:54.542" level="INFO">Typing text 'Eduarda' into text field 'id:form-nome'.</msg>
<status status="PASS" starttime="20230801 17:20:54.542" endtime="20230801 17:20:54.645"/>
</kw>
<kw name="Input Text" library="SeleniumLibrary">
<arg>${CAMPO_CARGO}</arg>
<arg>Desenvolvedora</arg>
<doc>Types the given ``text`` into the text field identified by ``locator``.</doc>
<msg timestamp="20230801 17:20:54.645" level="INFO">Typing text 'Desenvolvedora' into text field 'id:form-cargo'.</msg>
<status status="PASS" starttime="20230801 17:20:54.645" endtime="20230801 17:20:54.720"/>
</kw>
<kw name="Input Text" library="SeleniumLibrary">
<arg>${CAMPO_IMAGEM}</arg>
<arg>https://picsum.photos/200/300</arg>
<doc>Types the given ``text`` into the text field identified by ``locator``.</doc>
<msg timestamp="20230801 17:20:54.720" level="INFO">Typing text 'https://picsum.photos/200/300' into text field 'id:form-imagem'.</msg>
<status status="PASS" starttime="20230801 17:20:54.720" endtime="20230801 17:20:54.812"/>
</kw>
<kw name="Click Element" library="SeleniumLibrary">
<arg>${CAMPO_TIME}</arg>
<doc>Click the element identified by ``locator``.</doc>
<msg timestamp="20230801 17:20:54.814" level="INFO">Clicking element 'class:lista-suspensa'.</msg>
<status status="PASS" starttime="20230801 17:20:54.813" endtime="20230801 17:20:54.849"/>
</kw>
<kw name="Click Element" library="SeleniumLibrary">
<arg>${OPCAO_PROGRAMACAO}</arg>
<doc>Click the element identified by ``locator``.</doc>
<msg timestamp="20230801 17:20:54.849" level="INFO">Clicking element '//option[contains(.,'Programação')]'.</msg>
<status status="PASS" starttime="20230801 17:20:54.849" endtime="20230801 17:20:54.874"/>
</kw>
<kw name="Sleep" library="BuiltIn">
<arg>5s</arg>
<doc>Pauses the test executed for the given time.</doc>
<msg timestamp="20230801 17:20:59.874" level="INFO">Slept 5 seconds</msg>
<status status="PASS" starttime="20230801 17:20:54.874" endtime="20230801 17:20:59.874"/>
</kw>
<status status="PASS" starttime="20230801 17:20:54.542" endtime="20230801 17:20:59.874"/>
</kw>
<kw name="E clique no botão criar card">
<kw name="Click Element" library="SeleniumLibrary">
<arg>${BOTAO_CARD}</arg>
<doc>Click the element identified by ``locator``.</doc>
<msg timestamp="20230801 17:20:59.874" level="INFO">Clicking element 'id:form-botao'.</msg>
<status status="PASS" starttime="20230801 17:20:59.874" endtime="20230801 17:20:59.918"/>
</kw>
<status status="PASS" starttime="20230801 17:20:59.874" endtime="20230801 17:20:59.918"/>
</kw>
<status status="PASS" starttime="20230801 17:20:54.542" endtime="20230801 17:20:59.918"/>
</iter>
<iter>
<var name="${i}">2</var>
<kw name=" Dado que preencha o formulário">
<kw name="Input Text" library="SeleniumLibrary">
<arg>${CAMPO_NOME}</arg>
<arg>Eduarda</arg>
<doc>Types the given ``text`` into the text field identified by ``locator``.</doc>
<msg timestamp="20230801 17:20:59.918" level="INFO">Typing text 'Eduarda' into text field 'id:form-nome'.</msg>
<status status="PASS" starttime="20230801 17:20:59.918" endtime="20230801 17:20:59.988"/>
</kw>
<kw name="Input Text" library="SeleniumLibrary">
<arg>${CAMPO_CARGO}</arg>
<arg>Desenvolvedora</arg>
<doc>Types the given ``text`` into the text field identified by ``locator``.</doc>
<msg timestamp="20230801 17:20:59.989" level="INFO">Typing text 'Desenvolvedora' into text field 'id:form-cargo'.</msg>
<status status="PASS" starttime="20230801 17:20:59.988" endtime="20230801 17:21:00.090"/>
</kw>
<kw name="Input Text" library="SeleniumLibrary">
<arg>${CAMPO_IMAGEM}</arg>
<arg>https://picsum.photos/200/300</arg>
<doc>Types the given ``text`` into the text field identified by ``locator``.</doc>
<msg timestamp="20230801 17:21:00.090" level="INFO">Typing text 'https://picsum.photos/200/300' into text field 'id:form-imagem'.</msg>
<status status="PASS" starttime="20230801 17:21:00.090" endtime="20230801 17:21:00.178"/>
</kw>
<kw name="Click Element" library="SeleniumLibrary">
<arg>${CAMPO_TIME}</arg>
<doc>Click the element identified by ``locator``.</doc>
<msg timestamp="20230801 17:21:00.179" level="INFO">Clicking element 'class:lista-suspensa'.</msg>
<status status="PASS" starttime="20230801 17:21:00.179" endtime="20230801 17:21:00.210"/>
</kw>
<kw name="Click Element" library="SeleniumLibrary">
<arg>${OPCAO_PROGRAMACAO}</arg>
<doc>Click the element identified by ``locator``.</doc>
<msg timestamp="20230801 17:21:00.210" level="INFO">Clicking element '//option[contains(.,'Programação')]'.</msg>
<status status="PASS" starttime="20230801 17:21:00.210" endtime="20230801 17:21:00.233"/>
</kw>
<kw name="Sleep" library="BuiltIn">
<arg>5s</arg>
<doc>Pauses the test executed for the given time.</doc>
<msg timestamp="20230801 17:21:05.234" level="INFO">Slept 5 seconds</msg>
<status status="PASS" starttime="20230801 17:21:00.233" endtime="20230801 17:21:05.234"/>
</kw>
<status status="PASS" starttime="20230801 17:20:59.918" endtime="20230801 17:21:05.234"/>
</kw>
<kw name="E clique no botão criar card">
<kw name="Click Element" library="SeleniumLibrary">
<arg>${BOTAO_CARD}</arg>
<doc>Click the element identified by ``locator``.</doc>
<msg timestamp="20230801 17:21:05.234" level="INFO">Clicking element 'id:form-botao'.</msg>
<status status="PASS" starttime="20230801 17:21:05.234" endtime="20230801 17:21:05.279"/>
</kw>
<status status="PASS" starttime="20230801 17:21:05.234" endtime="20230801 17:21:05.279"/>
</kw>
<status status="PASS" starttime="20230801 17:20:59.918" endtime="20230801 17:21:05.279"/>
</iter>
<status status="PASS" starttime="20230801 17:20:54.541" endtime="20230801 17:21:05.279"/>
</for>
<kw name="Sleep" library="BuiltIn">
<arg>5s</arg>
<doc>Pauses the test executed for the given time.</doc>
<msg timestamp="20230801 17:21:10.283" level="INFO">Slept 5 seconds</msg>
<status status="PASS" starttime="20230801 17:21:05.282" endtime="20230801 17:21:10.283"/>
</kw>
<status status="PASS" starttime="20230801 17:20:54.541" endtime="20230801 17:21:10.283"/>
</kw>
<kw name="Fechar o navegador" library="setup_teardown" type="TEARDOWN">
<kw name="Close Browser" library="SeleniumLibrary">
<doc>Closes the current browser.</doc>
<status status="PASS" starttime="20230801 17:21:10.283" endtime="20230801 17:21:13.479"/>
</kw>
<status status="PASS" starttime="20230801 17:21:10.283" endtime="20230801 17:21:13.479"/>
</kw>
<status status="PASS" starttime="20230801 17:20:47.074" endtime="20230801 17:21:13.479"/>
</test>
<status status="PASS" starttime="20230801 17:20:31.984" endtime="20230801 17:21:13.484"/>
</suite>
<statistics>
<total>
<stat pass="2" fail="0" skip="0">All Tests</stat>
</total>
<tag>
</tag>
<suite>
<stat pass="2" fail="0" skip="0" id="s1" name="Preenchimento Correto">Preenchimento Correto</stat>
</suite>
</statistics>
<errors>
</errors>
</robot>
